\BOOKMARK [0][-]{section*.1}{\376\377\000=\166\356\000\040\137\125}{}% 1
\BOOKMARK [0][-]{chapter.1}{\376\377\0002\0005\000.\0008\000.\0002\0007}{}% 2
\BOOKMARK [1][-]{section.1.1}{\376\377\0002\0000\0002\0005\136\164\0008\147\010\0002\0007\145\345\060\012\215\042\176\317\145\351\231\020\060\013\121\150\146\157\220\037\213\373}{chapter.1}% 3
\BOOKMARK [2][-]{subsection.1.1.1}{\376\377\145\077\173\126\116\016\133\217\211\302}{section.1.1}% 4
\BOOKMARK [2][-]{subsection.1.1.2}{\376\377\215\104\221\321\227\142\116\016\215\104\147\054\136\002\127\072}{section.1.1}% 5
\BOOKMARK [2][-]{subsection.1.1.3}{\376\377\116\247\116\032\116\016\121\154\123\370}{section.1.1}% 6
\BOOKMARK [2][-]{subsection.1.1.4}{\376\377\127\060\116\247\116\016\127\372\136\372}{section.1.1}% 7
\BOOKMARK [2][-]{subsection.1.1.5}{\376\377\125\106\124\301\116\016\121\150\164\003\133\217\211\302}{section.1.1}% 8
\BOOKMARK [1][-]{section.1.2}{\376\377\155\361\136\246\155\036\133\337\377\032\0002\0000\0002\0005\136\164\0008\147\010\0002\0007\145\345\060\012\215\042\176\317\145\351\231\020\060\013\121\205\150\070\142\306\211\343}{chapter.1}% 9
\BOOKMARK [2][-]{subsection.1.2.1}{\376\377\145\077\173\126\203\003\137\017\122\007\143\142\377\032\116\316\040\034\127\037\127\060\215\042\145\077\040\035\122\060\040\034\173\227\122\233\215\042\145\077\040\035}{section.1.2}% 10
\BOOKMARK [2][-]{subsection.1.2.2}{\376\377\134\105\154\021\215\104\116\247\215\037\120\072\210\150\377\032\116\000\127\072\227\131\236\330\166\204\040\034\215\042\133\314\144\054\133\266\040\035}{section.1.2}% 11
\BOOKMARK [2][-]{subsection.1.2.3}{\376\377\116\247\116\032\165\037\153\173\176\277\377\032\142\230\123\340\134\117\060\001\147\072\126\150\116\272\060\001\154\175\217\146\217\333\121\145\040\034\156\005\127\072\145\366\122\073\040\035}{section.1.2}% 12
\BOOKMARK [2][-]{subsection.1.2.4}{\376\377\121\150\164\003\156\336\200\300\116\244\146\023\377\032\221\321\154\271\153\324\123\321\121\372\210\160\220\000\230\204\213\146}{section.1.2}% 13
\BOOKMARK [2][-]{subsection.1.2.5}{\376\377\116\272\154\021\136\001\116\016\215\104\147\054\215\046\142\067\377\032\215\054\120\074\123\213\122\233\116\055\166\204\040\034\176\323\147\204\140\047\117\335\142\244\040\035}{section.1.2}% 14
\BOOKMARK [1][-]{section.1.3}{\376\377\040\034\174\173\127\037\127\060\117\060\120\074\225\032\000+\173\227\122\233\116\055\137\303\000R\000E\000I\000T\000s\040\035\121\150\211\343}{chapter.1}% 15
\BOOKMARK [2][-]{subsection.1.3.1}{\376\377\116\011\215\104\147\054\116\072\117\125\210\253\171\360\116\072\040\034\174\173\127\037\127\060\040\035}{section.1.3}% 16
\BOOKMARK [2][-]{subsection.1.3.2}{\376\377\000R\000E\000I\000T\000s\156\242\116\367\215\357\137\204\131\202\117\125\131\015\122\066}{section.1.3}% 17
\BOOKMARK [2][-]{subsection.1.3.3}{\376\377\145\077\173\126\117\341\123\367\116\016\215\104\221\321\122\250\124\021}{section.1.3}% 18
\BOOKMARK [2][-]{subsection.1.3.4}{\376\377\230\316\226\151\116\016\133\371\121\262}{section.1.3}% 19
\BOOKMARK [1][-]{section.1.4}{\376\377\0004\116\052\147\010\116\007\116\277\000E\000T\000F\130\236\221\317\166\204\137\256\211\302\156\257\156\220}{chapter.1}% 20
\BOOKMARK [2][-]{subsection.1.4.1}{\376\377\145\347\117\341\116\360\135\051\130\114\377\032\127\060\116\247\000+\122\032\121\121\123\314\147\100}{section.1.4}% 21
\BOOKMARK [2][-]{subsection.1.4.2}{\376\377\215\104\221\321\155\101\124\021\146\076\137\256\225\134}{section.1.4}% 22
\BOOKMARK [2][-]{subsection.1.4.3}{\376\377\040\034\173\054\116\000\153\041\131\047\211\304\152\041\040\035\166\204\141\017\116\111}{section.1.4}% 23
\BOOKMARK [1][-]{section.1.5}{\376\377\116\044\207\215\117\131\230\235\145\260\232\330\200\314\124\016\166\204\147\140\147\106\217\301\137\231\220\073\217\221}{chapter.1}% 24
\BOOKMARK [2][-]{subsection.1.5.1}{\376\377\145\347\147\140\147\106\377\032\231\226\116\330\000+\143\011\143\355\166\204\142\077\116\247\152\041\137\017}{section.1.5}% 25
\BOOKMARK [2][-]{subsection.1.5.2}{\376\377\145\260\147\140\147\106\377\032\116\044\207\215\000+\000E\000T\000F\166\204\215\104\147\054\136\002\127\072\152\041\137\017}{section.1.5}% 26
\BOOKMARK [2][-]{subsection.1.5.3}{\376\377\217\301\171\373\166\204\221\317\123\026\213\301\143\156}{section.1.5}% 27
\BOOKMARK [2][-]{subsection.1.5.4}{\376\377\133\217\211\302\116\016\137\256\211\302\137\161\124\315}{section.1.5}% 28
\BOOKMARK [1][-]{section.1.6}{\376\377\040\034\122\070\125\106\116\044\207\215\040\035\121\150\146\157\213\346\211\343}{chapter.1}% 29
\BOOKMARK [2][-]{subsection.1.6.1}{\376\377\116\032\122\241\133\232\116\111}{section.1.6}% 30
\BOOKMARK [2][-]{subsection.1.6.2}{\376\377\217\320\117\134\155\101\172\013}{section.1.6}% 31
\BOOKMARK [2][-]{subsection.1.6.3}{\376\377\230\316\226\151\116\016\230\316\143\247}{section.1.6}% 32
\BOOKMARK [2][-]{subsection.1.6.4}{\376\377\137\123\122\115\136\002\127\072\141\017\116\111}{section.1.6}% 33
\BOOKMARK [1][-]{section.1.7}{\376\377\123\127\124\021\215\104\221\321\040\034\144\221\166\330\116\015\142\254\166\330\040\035\166\204\137\256\211\302\220\073\217\221\142\306\211\343}{chapter.1}% 34
\BOOKMARK [2][-]{subsection.1.7.1}{\376\377\215\104\221\321\155\101\124\021\116\011\221\315\211\306\211\322}{section.1.7}% 35
\BOOKMARK [2][-]{subsection.1.7.2}{\376\377\116\044\131\047\226\064\137\161\131\202\117\125\123\213\122\066\131\026\215\104}{section.1.7}% 36
\BOOKMARK [2][-]{subsection.1.7.3}{\376\377\215\367\215\367\147\177\145\110\136\224\147\072\122\066}{section.1.7}% 37
\BOOKMARK [1][-]{section.1.8}{\376\377\040\034\221\321\154\271\153\324\230\204\213\146\000\040\000+\000\040\116\055\151\202\220\000\136\002\226\064\137\161\040\035\142\306\211\343}{chapter.1}% 38
\BOOKMARK [2][-]{subsection.1.8.1}{\376\377\221\321\154\271\153\324\230\204\213\146\377\032\176\317\155\116\210\160\220\000\166\204\121\110\210\114\143\007\150\007}{section.1.8}% 39
\BOOKMARK [2][-]{subsection.1.8.2}{\376\377\116\055\151\202\220\000\136\002\226\064\137\161\377\032\156\057\200\241\155\101\122\250\140\047\116\016\117\060\120\074\142\230\116\367}{section.1.8}% 40
\BOOKMARK [2][-]{subsection.1.8.3}{\376\377\176\323\213\272\377\032\123\314\221\315\226\064\137\161\116\013\166\204\156\057\200\241\133\232\116\367}{section.1.8}% 41
\BOOKMARK [1][-]{section.1.9}{\376\377\221\321\154\271\153\324\377\032\121\150\164\003\176\317\155\116\166\204\040\034\156\051\136\246\213\241\040\035\116\016\040\034\146\164\226\350\210\150\040\035}{chapter.1}% 42
\BOOKMARK [2][-]{subsection.1.9.1}{\376\377\116\367\150\074\200\314\124\016\166\204\133\217\211\302\220\073\217\221}{section.1.9}% 43
\BOOKMARK [2][-]{subsection.1.9.2}{\376\377\221\321\154\271\153\324\166\204\213\241\173\227\121\154\137\017\116\016\176\317\232\214\226\010\120\074}{section.1.9}% 44
\BOOKMARK [2][-]{subsection.1.9.3}{\376\377\230\206\121\110\210\160\220\000\166\204\133\236\213\301\211\304\137\213}{section.1.9}% 45
\BOOKMARK [2][-]{subsection.1.9.4}{\376\377\230\206\121\110\147\072\122\066\377\032\116\367\150\074\041\222\230\204\147\037\041\222\210\114\116\072}{section.1.9}% 46
\BOOKMARK [2][-]{subsection.1.9.5}{\376\377\117\177\165\050\226\120\122\066\116\016\210\145\121\105}{section.1.9}% 47
\BOOKMARK [1][-]{section.1.10}{\376\377\154\137\202\317\126\375\154\360\040\034\0001\0002\0000\116\277\164\006\215\042\000+\0001\0008\116\277\160\222\200\241\040\035\116\213\116\366\121\150\146\157\220\037\213\373}{chapter.1}% 48
\BOOKMARK [2][-]{subsection.1.10.1}{\376\377\116\213\116\366\145\366\225\364\217\164}{section.1.10}% 49
\BOOKMARK [2][-]{subsection.1.10.2}{\376\377\215\104\221\321\165\073\120\317}{section.1.10}% 50
\BOOKMARK [2][-]{subsection.1.10.3}{\376\377\116\073\116\032\116\016\142\030\165\145\167\333\166\376}{section.1.10}% 51
\BOOKMARK [2][-]{subsection.1.10.4}{\376\377\166\321\173\241\116\016\136\002\127\072\123\315\231\210}{section.1.10}% 52
\BOOKMARK [2][-]{subsection.1.10.5}{\376\377\124\057\171\072\116\016\176\323\213\272}{section.1.10}% 53
\BOOKMARK [1][-]{section.1.11}{\376\377\154\137\202\317\126\375\154\360\040\034\160\222\200\241\140\045\122\071\040\035\116\213\116\366\155\361\136\246\142\306\211\343}{chapter.1}% 54
\BOOKMARK [2][-]{subsection.1.11.1}{\376\377\215\104\221\321\172\172\217\154\166\204\133\217\211\302\225\134\120\317}{section.1.11}% 55
\BOOKMARK [2][-]{subsection.1.11.2}{\376\377\166\321\173\241\213\335\213\355\147\103\166\204\123\163\145\366\133\232\116\367}{section.1.11}% 56
\BOOKMARK [2][-]{subsection.1.11.3}{\376\377\133\236\116\032\237\231\131\064\166\204\215\104\147\054\221\115\177\156\126\360\130\203}{section.1.11}% 57
\BOOKMARK [2][-]{subsection.1.11.4}{\376\377\142\225\215\104\200\005\176\323\147\204\121\215\136\163\210\141}{section.1.11}% 58
\BOOKMARK [1][-]{section.1.12}{\376\377\060\012\121\163\116\216\155\361\121\145\133\236\145\275\040\034\116\272\135\345\146\172\200\375\000+\040\035\210\114\122\250\166\204\141\017\211\301\060\013\121\150\146\157\220\037\213\373}{chapter.1}% 59
\BOOKMARK [2][-]{subsection.1.12.1}{\376\377\145\077\173\126\133\232\117\115\116\016\221\317\123\026\166\356\150\007}{section.1.12}% 60
\BOOKMARK [2][-]{subsection.1.12.2}{\376\377\121\155\131\047\221\315\160\271\210\114\122\250}{section.1.12}% 61
\BOOKMARK [2][-]{subsection.1.12.3}{\376\377\121\153\230\171\127\372\170\100\145\057\144\221}{section.1.12}% 62
\BOOKMARK [2][-]{subsection.1.12.4}{\376\377\116\247\116\032\116\016\215\104\147\054\146\040\134\004}{section.1.12}% 63
\BOOKMARK [2][-]{subsection.1.12.5}{\376\377\133\236\145\275\147\072\122\066\116\016\200\003\150\070\142\223\142\113}{section.1.12}% 64
\BOOKMARK [1][-]{section.1.13}{\376\377\126\375\122\241\226\142\060\012\040\034\116\272\135\345\146\172\200\375\000+\040\035\210\114\122\250\141\017\211\301\060\013\155\361\136\246\211\343\147\204}{chapter.1}% 65
\BOOKMARK [2][-]{subsection.1.13.1}{\376\377\215\042\145\077\203\003\137\017\215\303\217\301\377\032\116\316\040\034\127\037\127\060\215\042\145\077\040\035\122\060\040\034\173\227\122\233\215\042\145\077\040\035}{section.1.13}% 66
\BOOKMARK [2][-]{subsection.1.13.2}{\376\377\116\247\116\032\165\037\153\173\176\277\377\032\0002\0000\0002\0007\000/\0002\0000\0003\0000\000/\0002\0000\0003\0005\116\011\226\066\153\265\040\034\156\027\220\017\163\207\176\242\176\277\040\035}{section.1.13}% 67
\BOOKMARK [2][-]{subsection.1.13.3}{\376\377\145\160\143\156\116\247\147\103\227\151\124\175\377\032\121\154\121\161\215\042\145\077\215\104\122\251\145\160\143\156\137\072\122\066\137\000\145\076}{section.1.13}% 68
\BOOKMARK [2][-]{subsection.1.13.4}{\376\377\121\150\164\003\154\273\164\006\173\171\170\001\377\032\142\212\000A\000I\133\232\117\115\116\072\040\034\126\375\226\105\121\154\121\161\116\247\124\301\040\035}{section.1.13}% 69
\BOOKMARK [2][-]{subsection.1.13.5}{\376\377\230\316\226\151\177\023\221\312\116\016\154\273\164\006\154\231\166\322}{section.1.13}% 70
\BOOKMARK [1][-]{section.1.14}{\376\377\145\077\136\234\227\136\172\016\145\066\121\145\121\150\146\157\220\037\211\310}{chapter.1}% 71
\BOOKMARK [2][-]{subsection.1.14.1}{\376\377\123\101\131\047\116\073\211\201\174\173\122\053}{section.1.14}% 72
\BOOKMARK [2][-]{subsection.1.14.2}{\376\377\215\213\122\277\116\016\145\071\227\151\122\250\124\021}{section.1.14}% 73
\BOOKMARK [1][-]{section.1.15}{\376\377\040\034\145\066\145\057\116\044\147\141\176\277\040\035\116\016\040\034\134\017\221\321\136\223\040\035\213\346\211\343}{chapter.1}% 74
\BOOKMARK [2][-]{subsection.1.15.1}{\376\377\147\057\213\355\142\306\211\343}{section.1.15}% 75
\BOOKMARK [2][-]{subsection.1.15.2}{\376\377\217\320\210\114\147\072\122\066}{section.1.15}% 76
\BOOKMARK [2][-]{subsection.1.15.3}{\376\377\040\034\134\017\221\321\136\223\040\035\116\247\165\037\166\204\116\011\131\047\156\051\136\212}{section.1.15}% 77
\BOOKMARK [2][-]{subsection.1.15.4}{\376\377\122\066\136\246\142\020\145\110}{section.1.15}% 78
\BOOKMARK [1][-]{section.1.16}{\376\377\060\012\131\026\123\126\124\130\171\322\123\330\000F\0001\217\146\142\113\377\037\136\005\123\315\200\014\146\057\147\000\116\015\221\315\211\201\166\204\060\013\121\150\146\157\220\037\213\373}{chapter.1}% 79
\BOOKMARK [2][-]{subsection.1.16.1}{\376\377\116\213\116\366\151\202\121\265}{section.1.16}% 80
\BOOKMARK [2][-]{subsection.1.16.2}{\376\377\122\066\147\015\213\276\213\241\116\256\160\271}{section.1.16}% 81
\BOOKMARK [2][-]{subsection.1.16.3}{\376\377\210\114\116\032\116\016\171\076\117\032\141\017\116\111}{section.1.16}% 82
\BOOKMARK [2][-]{subsection.1.16.4}{\376\377\145\366\134\032\116\016\145\207\123\026\156\242\121\372}{section.1.16}% 83
\BOOKMARK [2][-]{subsection.1.16.5}{\376\377\147\052\147\145\134\125\147\033}{section.1.16}% 84
\BOOKMARK [1][-]{section.1.17}{\376\377\131\026\123\126\122\066\147\015\040\034\000F\0001\123\026\040\035\200\314\124\016\166\204\155\361\136\246\220\017\211\306}{chapter.1}% 85
\BOOKMARK [2][-]{subsection.1.17.1}{\376\377\122\263\122\250\122\233\124\301\162\114\123\026\377\032\116\316\142\020\147\054\116\055\137\303\122\060\124\301\162\114\215\104\116\247}{section.1.17}% 86
\BOOKMARK [2][-]{subsection.1.17.2}{\376\377\121\154\121\161\215\104\156\220\136\002\127\072\123\026\377\032\127\316\136\002\154\273\164\006\131\026\123\005\166\204\145\260\143\245\123\343}{section.1.17}% 87
\BOOKMARK [2][-]{subsection.1.17.3}{\376\377\123\315\155\210\215\071\116\073\116\111\116\016\000Z\116\026\116\343\216\253\116\375\123\331\116\213}{section.1.17}% 88
\BOOKMARK [2][-]{subsection.1.17.4}{\376\377\116\247\116\032\224\376\131\026\156\242\145\110\136\224}{section.1.17}% 89
\BOOKMARK [2][-]{subsection.1.17.5}{\376\377\225\177\147\037\172\336\116\211\150\074\134\100}{section.1.17}% 90
\BOOKMARK [1][-]{section.1.18}{\376\377\153\265\154\070\136\163\377\032\131\175\166\204\117\001\116\032\145\207\123\026\377\014\134\061\146\057\120\132\133\371\166\204\116\213}{chapter.1}% 91
\BOOKMARK [2][-]{subsection.1.18.1}{\376\377\117\001\116\032\145\207\123\026\133\232\116\111\116\016\117\134\165\050}{section.1.18}% 92
\BOOKMARK [2][-]{subsection.1.18.2}{\376\377\116\011\211\201\175\040\150\106\147\266\377\032\117\177\124\175\040\024\141\077\146\157\040\024\150\070\137\303\116\367\120\074\211\302}{section.1.18}% 93
\BOOKMARK [2][-]{subsection.1.18.3}{\376\377\204\075\127\060\145\271\154\325\116\016\213\357\123\072}{section.1.18}% 94
\BOOKMARK [2][-]{subsection.1.18.4}{\376\377\133\236\142\030\122\044\145\255\143\007\150\007}{section.1.18}% 95
\BOOKMARK [2][-]{subsection.1.18.5}{\376\377\133\371\142\225\215\104\200\005\116\016\122\033\116\032\200\005\166\204\124\057\171\072}{section.1.18}% 96
\BOOKMARK [1][-]{section.1.19}{\376\377\153\265\154\070\136\163\040\034\117\001\116\032\145\207\123\026\211\302\040\035\155\361\136\246\211\343\147\204}{chapter.1}% 97
\BOOKMARK [2][-]{subsection.1.19.1}{\376\377\145\207\123\026\116\016\215\104\147\054\377\032\227\136\215\042\122\241\142\244\127\316\154\263\166\204\133\232\116\367\220\073\217\221}{section.1.19}% 98
\BOOKMARK [2][-]{subsection.1.19.2}{\376\377\154\273\164\006\176\364\136\246\377\032\122\033\131\313\116\272\123\163\145\207\123\026\377\014\145\207\123\026\123\163\154\273\164\006}{section.1.19}% 99
\BOOKMARK [2][-]{subsection.1.19.3}{\376\377\210\114\116\072\176\317\155\116\133\146\211\306\211\322\377\032\123\315\167\355\147\037\157\300\122\261\166\204\201\352\142\021\176\321\133\232}{section.1.19}% 100
\BOOKMARK [2][-]{subsection.1.19.4}{\376\377\210\114\116\032\146\040\134\004\377\032\232\330\000R\000O\000I\000C\215\133\220\123\146\364\227\000\211\201\145\207\123\026\217\307\156\344\126\150}{section.1.19}% 101
\BOOKMARK [2][-]{subsection.1.19.5}{\376\377\142\225\215\104\200\005\123\357\144\315\117\134\166\204\040\034\145\207\123\026\134\075\214\003\040\035\150\106\147\266}{section.1.19}% 102
\BOOKMARK [1][-]{section.1.20}{\376\377\232\330\000\040\000R\000O\000I\000C\377\010\000R\000e\000t\000u\000r\000n\000\040\000o\000n\000\040\000I\000n\000v\000e\000s\000t\000e\000d\000\040\000C\000a\000p\000i\000t\000a\000l\377\011\173\200\146\016\221\312\116\111\116\016\133\236\117\213}{chapter.1}% 103
\BOOKMARK [2][-]{subsection.1.20.1}{\376\377\151\202\137\365\142\306\211\343}{section.1.20}% 104
\BOOKMARK [2][-]{subsection.1.20.2}{\376\377\232\330\000R\000O\000I\000C\121\170\127\213\150\110\117\213}{section.1.20}% 105
\BOOKMARK [2][-]{subsection.1.20.3}{\376\377\117\116\000R\000O\000I\000C\133\371\153\324\171\072\117\213}{section.1.20}% 106
\BOOKMARK [1][-]{section.1.21}{\376\377\232\154\145\257\121\113\121\215\213\311\000O\000p\000e\000n\000A\000I\116\016\202\371\147\234\377\032\000G\000r\000o\000k\166\204\040\034\170\064\134\100\040\035\116\016\126\375\116\247\000A\000I\166\204\040\034\122\241\133\236\040\035}{chapter.1}% 107
\BOOKMARK [2][-]{subsection.1.21.1}{\376\377\213\311\213\274\121\150\146\157}{section.1.21}% 108
\BOOKMARK [2][-]{subsection.1.21.2}{\376\377\145\160\143\156\133\371\153\324\377\032\000G\000r\000o\000k\166\204\040\034\200\001\116\003\126\360\130\203\040\035}{section.1.21}% 109
\BOOKMARK [2][-]{subsection.1.21.3}{\376\377\000x\000A\000I\166\204\040\034\201\352\142\021\167\333\166\376\040\035}{section.1.21}% 110
\BOOKMARK [2][-]{subsection.1.21.4}{\376\377\126\375\116\247\000A\000I\166\204\040\034\122\241\133\236\215\357\176\277\040\035}{section.1.21}% 111
\BOOKMARK [2][-]{subsection.1.21.5}{\376\377\210\114\116\032\124\057\171\072}{section.1.21}% 112
\BOOKMARK [1][-]{section.1.22}{\376\377\232\154\145\257\121\113\213\311\213\274\116\016\121\150\164\003\000A\000I\123\132\137\010\155\361\136\246\220\017\211\306}{chapter.1}% 113
\BOOKMARK [2][-]{subsection.1.22.1}{\376\377\136\163\123\360\155\101\221\317\127\204\145\255\145\260\203\003\137\017}{section.1.22}% 114
\BOOKMARK [2][-]{subsection.1.22.2}{\376\377\121\154\166\312\227\142\121\167\116\016\125\106\116\032\163\260\133\236\140\226\213\272}{section.1.22}% 115
\BOOKMARK [2][-]{subsection.1.22.3}{\376\377\126\375\116\247\000A\000I\166\204\040\034\174\276\136\246\124\214\173\227\122\233\201\061\224\251\040\035\133\236\232\214}{section.1.22}% 116
\BOOKMARK [2][-]{subsection.1.22.4}{\376\377\121\150\164\003\000A\000I\116\247\116\032\122\006\123\311\123\343}{section.1.22}% 117
